TagLib: Could not open file /home/boggle/music/Daft Punk - Homework/05 - Phœnix.flac
TagLib: Could not open file /home/boggle/music/Led Zeppelin - Led Zeppelin II/01 - Whole Lotta Love.flac
TagLib: Could not open file /home/boggle/music/Led Zeppelin - Led Zeppelin II/07 - Ramble On.flac
TagLib: Could not open file /home/boggle/music/Daft Punk - Alive 2007/01 - Robot Rock - Oh Yeah.flac
TagLib: Could not open file /home/boggle/music/Daft Punk - Alive 2007/01 - Robot Rock - Oh Yeah.flac
TagLib: Could not open file /home/boggle/music/Daft Punk - Alive 2007/01 - Robot Rock - Oh Yeah.flac
TagLib: Could not open file /home/boggle/music/Daft Punk - Alive 2007/01 - Robot Rock - Oh Yeah.flac
TagLib: Could not open file /home/boggle/music/Daft Punk - Alive 2007/01 - Robot Rock - Oh Yeah.flac
TagLib: Could not open file /home/boggle/music/Daft Punk - Alive 2007/01 - Robot Rock - Oh Yeah.flac
TagLib: Could not open file /home/boggle/music/Daft Punk - Alive 2007/01 - Robot Rock - Oh Yeah.flac
TagLib: Could not open file /home/boggle/music/Daft Punk - Alive 2007/01 - Robot Rock - Oh Yeah.flac
TagLib: Could not open file /home/boggle/music/Rush - A Farewell to Kings/04 - Cinderella Man.flac
TagLib: Could not open file /home/boggle/music/Rush - 2112/01 - 2112: I. Overture _ II. The Temples of Syrinx _ III. Discovery _ IV. Presentation _ V. Oracle: The Dream _ VI. Soliloquy _ VII. Grand Finale.flac
TagLib: Could not open file /home/boggle/music/Daft Punk - Homework/05 - Phœnix.flac
TagLib: Could not open file /home/boggle/music/Daft Punk - Homework/04 - Da Funk.flac
TagLib: Could not open file /home/boggle/music/Daft Punk - Discovery/01 - One More Time.flac
TagLib: Could not open file /home/boggle/music/Daft Punk - Homework/08 - Rollin’ & Scratchin’.flac
TagLib: Could not open file /home/boggle/music/Daft Punk - Homework/09 - Teachers.flac
TagLib: Could not open file /home/boggle/music/Rage Against the Machine - Evil Empire/01 - People of the Sun.flac
TagLib: Could not open file /home/boggle/music/Descendents - Milo Goes to College/Descendents - Bikeage.flac
TagLib: Could not open file /home/boggle/music/Descendents - Everything Sucks/Descendents - Caught.flac
